<?xml version="1.0" encoding="UTF-8"?><testsuites time="16.638"><testsuite name="Parameters Hipay Casper JS Lib" tests="0" failures="0" errors="0" time="0" timestamp="2017-11-17T10:51:19.569Z" package="bin/tests/000_lib/bower_components/hipay-casperjs-lib/0000-parameters"><system-out><![CDATA[]]></system-out></testsuite><testsuite name="Functions" tests="0" failures="0" errors="0" time="0" timestamp="2017-11-17T10:51:19.569Z" package="bin/tests/000_lib/bower_components/hipay-casperjs-lib/0001-functions-payment"><system-out><![CDATA[]]></system-out></testsuite><testsuite name="Parameters" tests="0" failures="0" errors="0" time="0" timestamp="2017-11-17T10:51:19.569Z" package="bin/tests/000_parameters/0000-parameters"><system-out><![CDATA[]]></system-out></testsuite><testsuite name="Functions" tests="0" failures="0" errors="0" time="0" timestamp="2017-11-17T10:51:19.569Z" package="bin/tests/000_parameters/0001-functions-checkout"><system-out><![CDATA[]]></system-out></testsuite><testsuite name="Functions" tests="0" failures="0" errors="0" time="0" timestamp="2017-11-17T10:51:19.570Z" package="bin/tests/000_parameters/0002-functions-administration"><system-out><![CDATA[]]></system-out></testsuite><testsuite name="Test Checkout HiPay Enterprise Credit Card with visa" tests="1" failures="1" errors="0" time="16.326" timestamp="2017-11-17T10:51:19.570Z" package="bin/tests/002_CREDIT_CARD/1_frontend/0200-CREDIT_CARD_FRONTEND"><testcase name="Cart button" classname="bin/tests/002_CREDIT_CARD/1_frontend/0200-CREDIT_CARD_FRONTEND" time="16.326"><failure type="assertExists"><![CDATA[Cart button]]></failure></testcase><system-out><![CDATA[]]></system-out></testsuite><testsuite name="Send Notification to Prestashop from TPP BackOffice via HiPay Enterprise Credit Card with visa" tests="1" failures="1" errors="0" time="0.312" timestamp="2017-11-17T10:51:19.570Z" package="bin/tests/002_CREDIT_CARD/1_frontend/0201-SEND_NOTIF_TO_CMS_FROM_BO_TPP"><testcase name="ReferenceError: Can't find variable: cartId" classname="bin/tests/002_CREDIT_CARD/1_frontend/0201-SEND_NOTIF_TO_CMS_FROM_BO_TPP" time="0.312"><error type="error"><![CDATA[getCartId@phantomjs://code/0002-functions-administration.js:90:22
phantomjs://code/0201-SEND_NOTIF_TO_CMS_FROM_BO_TPP.js:11:34
phantomjs://platform/tester.js:1132:24
[native code]
begin@phantomjs://platform/tester.js:1153:24
global code@phantomjs://code/0201-SEND_NOTIF_TO_CMS_FROM_BO_TPP.js:3:18
injectJs@[native code]
exec@phantomjs://platform/tester.js:1314:21
runTest@phantomjs://platform/tester.js:1673:14
_check@phantomjs://platform/tester.js:1658:25]]></error><failure type="uncaughtError"><![CDATA[ReferenceError: Can't find variable: cartId]]></failure></testcase><system-out><![CDATA[]]></system-out></testsuite></testsuites>