<?xml version="1.0" encoding="UTF-8"?><testsuites time="116.3"><testsuite name="Parameters Hipay Casper JS Lib" tests="0" failures="0" errors="0" time="0" timestamp="2017-11-22T09:51:23.913Z" package="bin/tests/000_lib/bower_components/hipay-casperjs-lib/0000-parameters"><system-out><![CDATA[]]></system-out></testsuite><testsuite name="Functions" tests="0" failures="0" errors="0" time="0" timestamp="2017-11-22T09:51:23.913Z" package="bin/tests/000_lib/bower_components/hipay-casperjs-lib/0001-functions-payment"><system-out><![CDATA[]]></system-out></testsuite><testsuite name="Functions" tests="0" failures="0" errors="0" time="0" timestamp="2017-11-22T09:51:23.913Z" package="bin/tests/000_lib/bower_components/hipay-casperjs-lib/0002-functions-backend"><system-out><![CDATA[]]></system-out></testsuite><testsuite name="Parameters" tests="0" failures="0" errors="0" time="0" timestamp="2017-11-22T09:51:23.913Z" package="bin/tests/000_parameters/0000-parameters"><system-out><![CDATA[]]></system-out></testsuite><testsuite name="Functions" tests="0" failures="0" errors="0" time="0" timestamp="2017-11-22T09:51:23.913Z" package="bin/tests/000_parameters/0001-functions-checkout"><system-out><![CDATA[]]></system-out></testsuite><testsuite name="Functions" tests="0" failures="0" errors="0" time="0" timestamp="2017-11-22T09:51:23.913Z" package="bin/tests/000_parameters/0002-functions-administration"><system-out><![CDATA[]]></system-out></testsuite><testsuite name="Functions" tests="0" failures="0" errors="0" time="0" timestamp="2017-11-22T09:51:23.913Z" package="bin/tests/000_parameters/0003-functions-notification"><system-out><![CDATA[]]></system-out></testsuite><testsuite name="Test Checkout HiPay Enterprise SEPA Direct Debit without Electronic Signature" tests="4" failures="0" errors="0" time="46.027" timestamp="2017-11-22T09:51:23.914Z" package="bin/tests/004_SEPA/1_frontend/0400-SEPA_ELEC_SIGN_ON_FRONTEND"><testcase name="Correct IBAN and BIC number" classname="bin/tests/004_SEPA/1_frontend/0400-SEPA_ELEC_SIGN_ON_FRONTEND" time="22.801"/><testcase name="Correct HTTP Status Code 200" classname="bin/tests/004_SEPA/1_frontend/0400-SEPA_ELEC_SIGN_ON_FRONTEND" time="23.213"/><testcase name="VOTRE COMMANDE EST CONFIRMÉE" classname="bin/tests/004_SEPA/1_frontend/0400-SEPA_ELEC_SIGN_ON_FRONTEND" time="0.007"/><testcase name="Find text within the document body" classname="bin/tests/004_SEPA/1_frontend/0400-SEPA_ELEC_SIGN_ON_FRONTEND" time="0.006"/><system-out><![CDATA[]]></system-out></testsuite><testsuite name="Test Checkout HiPay Enterprise SEPA Direct Debit with Electronic Signature" tests="1" failures="0" errors="0" time="70.273" timestamp="2017-11-22T09:51:23.915Z" package="bin/tests/004_SEPA/1_frontend/0401-SEPA_ELEC_SIGN_OFF_FRONTEND"><testcase name="Correct HTTP Status Code 200" classname="bin/tests/004_SEPA/1_frontend/0401-SEPA_ELEC_SIGN_OFF_FRONTEND" time="70.273"/><system-out><![CDATA[]]></system-out></testsuite></testsuites>